<?xml version="1.0" encoding="UTF-8"?>
<!-- Generated by org.testng.reporters.JUnitReportReporter -->
<testsuite hostname="Lenovo" failures="0" tests="3" name="test.java.OpenMRSTest" time="245.255" errors="0" timestamp="20 Oct 2021 05:09:08 GMT">
  <testcase classname="test.java.OpenMRSTest" name="TestCase2_loginFailure" time="34.218"/>
  <testcase classname="test.java.OpenMRSTest" name="TestCase1_loginSuccess" time="74.803"/>
  <testcase classname="test.java.OpenMRSTest" name="TestCase3_Validation" time="136.234"/>
</testsuite> <!-- test.java.OpenMRSTest -->
